Build started 16.3.2016. 23:20:52.
     1>Project "C:\Users\Bruno\Desktop\Breakout\Breakout\Project1_old\Project1\Project1.vcxproj" on node 2 (Build target(s)).
     1>ClCompile:
         C:\Program Files (x86)\Microsoft Visual Studio 12.0\VC\bin\CL.exe /c /IC:\Users\Bruno\Desktop\Breakout\Breakout\Project1_old\packages\Allegro.5.1.13.0\build\native\include\ /IC:\Users\Bruno\Desktop\Breakout\Breakout\Project1_old\packages\AllegroDeps.1.4.0.0\build\native\\include\ /ZI /nologo /W3 /WX- /sdl /Od /Oy- /D _MBCS /Gm /EHsc /RTC1 /MDd /GS /fp:precise /Zc:wchar_t /Zc:forScope /Fo"Debug\\" /Fd"Debug\vc120.pdb" /Gd /TP /analyze- /errorReport:prompt paddle.cpp ball.cpp bricks.cpp level.cpp Source.cpp tinyxml2.cpp
         tinyxml2.cpp
         Source.cpp
         level.cpp
         bricks.cpp
         ball.cpp
     1>c:\users\bruno\desktop\breakout\breakout\project1_old\project1\ball.cpp(8): warning C4244: 'argument' : conversion from 'time_t' to 'unsigned int', possible loss of data
         paddle.cpp
         Generating Code...
       Link:
         C:\Program Files (x86)\Microsoft Visual Studio 12.0\VC\bin\link.exe /ERRORREPORT:PROMPT /OUT:"C:\Users\Bruno\Desktop\Breakout\Breakout\Project1_old\Debug\Project1.exe" /INCREMENTAL /NOLOGO "C:\Users\Bruno\Desktop\Breakout\Breakout\Project1_old\packages\Allegro.5.1.13.0\build\native\v120\Win32\lib\allegro-debug.lib" "C:\Users\Bruno\Desktop\Breakout\Breakout\Project1_old\packages\Allegro.5.1.13.0\build\native\v120\Win32\lib\allegro_main-debug.lib" "C:\Users\Bruno\Desktop\Breakout\Breakout\Project1_old\packages\Allegro.5.1.13.0\build\native\v120\Win32\lib\allegro_image-debug.lib" "C:\Users\Bruno\Desktop\Breakout\Breakout\Project1_old\packages\Allegro.5.1.13.0\build\native\v120\Win32\lib\allegro_font-debug.lib" "C:\Users\Bruno\Desktop\Breakout\Breakout\Project1_old\packages\Allegro.5.1.13.0\build\native\v120\Win32\lib\allegro_audio-debug.lib" "C:\Users\Bruno\Desktop\Breakout\Breakout\Project1_old\packages\Allegro.5.1.13.0\build\native\v120\Win32\lib\allegro_acodec-debug.lib" "C:\Users\Bruno\Desktop\Breakout\Breakout\Project1_old\packages\Allegro.5.1.13.0\build\native\v120\Win32\lib\allegro_primitives-debug.lib" kernel32.lib user32.lib gdi32.lib winspool.lib comdlg32.lib advapi32.lib shell32.lib ole32.lib oleaut32.lib uuid.lib odbc32.lib odbccp32.lib /MANIFEST /MANIFESTUAC:"level='asInvoker' uiAccess='false'" /manifest:embed /DEBUG /PDB:"C:\Users\Bruno\Desktop\Breakout\Breakout\Project1_old\Debug\Project1.pdb" /TLBID:1 /DYNAMICBASE /NXCOMPAT /IMPLIB:"C:\Users\Bruno\Desktop\Breakout\Breakout\Project1_old\Debug\Project1.lib" /MACHINE:X86 Debug\paddle.obj
         Debug\ball.obj
         Debug\bricks.obj
         Debug\level.obj
         Debug\Source.obj
         Debug\tinyxml2.obj
         Project1.vcxproj -> C:\Users\Bruno\Desktop\Breakout\Breakout\Project1_old\Debug\Project1.exe
     1>Done Building Project "C:\Users\Bruno\Desktop\Breakout\Breakout\Project1_old\Project1\Project1.vcxproj" (Build target(s)).

Build succeeded.

Time Elapsed 00:00:11.03
